<?xml version="1.0" encoding="UTF-8"?>
<!-- Generated by org.testng.reporters.JUnitXMLReporter -->
<testsuite hostname="DESKTOP-37QOBBH" ignored="0" name="Surefire test" tests="4" failures="0" timestamp="2022-03-12T20:12:43 CST" time="26.158" errors="0">
  <testcase name="selectLeaderBoardPage" time="1.675" classname="com.xbox.qa.testcases.HomePageTest"/>
  <testcase name="validateGamesTitleTest" time="3.601" classname="com.xbox.qa.testcases.HomePageTest"/>
  <testcase name="verifyHomePageTest" time="0.048" classname="com.xbox.qa.testcases.HomePageTest"/>
  <testcase name="ValidateGameTagsTest" time="2.459" classname="com.xbox.qa.testcases.LeaderBoardPageTest"/>
</testsuite> <!-- Surefire test -->
